TN:
SF:src/utils/cookieManager.ts
FN:15,setCookie
FN:73,getCookie
FN:101,deleteCookie
FN:109,getConsentState
FN:132,shouldSetCookie
FN:164,isNecessaryCookie
FN:179,isGoogleAnalyticsCookie
FN:186,isAnalyticsCookie
FN:199,isFunctionalCookie
FN:214,isMarketingCookie
FNF:10
FNH:10
FNDA:4,setCookie
FNDA:4,getCookie
FNDA:1,deleteCookie
FNDA:8,getConsentState
FNDA:8,shouldSetCookie
FNDA:8,isNecessaryCookie
FNDA:12,isGoogleAnalyticsCookie
FNDA:6,isAnalyticsCookie
FNDA:4,isFunctionalCookie
FNDA:4,isMarketingCookie
DA:1,1
DA:12,1
DA:14,1
DA:15,1
DA:16,4
DA:18,4
DA:19,4
DA:20,1
DA:21,1
DA:22,1
DA:24,3
DA:26,4
DA:27,1
DA:28,0
DA:29,0
DA:30,0
DA:31,0
DA:32,0
DA:34,1
DA:35,1
DA:37,4
DA:38,0
DA:39,4
DA:40,3
DA:41,3
DA:43,4
DA:44,0
DA:45,0
DA:47,4
DA:48,0
DA:49,0
DA:51,4
DA:52,0
DA:53,4
DA:54,3
DA:55,3
DA:57,3
DA:58,3
DA:59,4
DA:60,0
DA:61,0
DA:62,0
DA:64,3
DA:66,3
DA:67,3
DA:68,3
DA:70,1
DA:72,1
DA:73,1
DA:74,4
DA:76,4
DA:77,4
DA:78,1
DA:79,1
DA:80,1
DA:82,3
DA:83,3
DA:85,3
DA:86,3
DA:88,3
DA:89,2
DA:90,2
DA:91,2
DA:92,2
DA:93,3
DA:95,1
DA:96,1
DA:98,1
DA:100,1
DA:101,1
DA:102,1
DA:103,1
DA:104,1
DA:106,1
DA:108,1
DA:109,8
DA:110,8
DA:111,8
DA:112,8
DA:113,8
DA:114,8
DA:115,8
DA:116,0
DA:117,0
DA:119,0
DA:120,0
DA:121,0
DA:122,0
DA:123,0
DA:124,0
DA:125,0
DA:126,0
DA:127,0
DA:129,1
DA:131,1
DA:132,8
DA:133,8
DA:134,8
DA:135,0
DA:136,0
DA:138,8
DA:139,8
DA:140,2
DA:141,2
DA:143,6
DA:144,8
DA:145,2
DA:146,2
DA:148,4
DA:149,8
DA:150,0
DA:151,0
DA:153,8
DA:154,0
DA:155,0
DA:157,4
DA:158,4
DA:159,4
DA:161,1
DA:163,1
DA:164,8
DA:165,8
DA:166,8
DA:167,8
DA:168,8
DA:169,8
DA:170,8
DA:171,8
DA:173,8
DA:174,8
DA:176,1
DA:178,1
DA:179,12
DA:180,12
DA:181,12
DA:183,1
DA:185,1
DA:186,6
DA:187,6
DA:188,6
DA:189,6
DA:190,6
DA:191,6
DA:193,6
DA:194,6
DA:196,1
DA:198,1
DA:199,4
DA:200,4
DA:201,4
DA:202,4
DA:203,4
DA:204,4
DA:205,4
DA:206,4
DA:208,4
DA:209,4
DA:211,1
DA:213,1
DA:214,4
DA:215,4
DA:216,4
DA:217,4
DA:218,4
DA:219,4
DA:220,4
DA:222,4
DA:223,4
LF:168
LH:137
BRDA:15,0,0,4
BRDA:19,1,0,1
BRDA:22,2,0,3
BRDA:26,3,0,1
BRDA:27,4,0,0
BRDA:35,5,0,3
BRDA:37,6,0,0
BRDA:39,7,0,3
BRDA:43,8,0,0
BRDA:45,9,0,3
BRDA:47,10,0,0
BRDA:49,11,0,3
BRDA:51,12,0,0
BRDA:53,13,0,3
BRDA:59,14,0,0
BRDA:62,15,0,3
BRDA:73,16,0,4
BRDA:77,17,0,1
BRDA:80,18,0,3
BRDA:88,19,0,2
BRDA:93,20,0,1
BRDA:101,21,0,1
BRDA:109,22,0,8
BRDA:115,23,0,0
BRDA:132,24,0,8
BRDA:134,25,0,0
BRDA:139,26,0,2
BRDA:141,27,0,6
BRDA:144,28,0,2
BRDA:144,29,0,2
BRDA:146,30,0,4
BRDA:149,31,0,0
BRDA:151,32,0,4
BRDA:153,33,0,0
BRDA:153,34,0,0
BRDA:155,35,0,4
BRDA:164,36,0,8
BRDA:173,37,0,40
BRDA:179,38,0,12
BRDA:186,39,0,6
BRDA:193,40,0,4
BRDA:193,41,0,14
BRDA:199,42,0,4
BRDA:208,43,0,4
BRDA:214,44,0,4
BRDA:222,45,0,16
BRF:46
BRH:35
end_of_record
TN:
SF:src/utils/cookieMonitor.ts
FN:52,getInstance
FN:60,updateInventory
FN:105,determineCookieCategory
FN:114,isNecessaryCookie
FN:126,isFunctionalCookie
FN:138,isAnalyticsCookie
FN:151,isMarketingCookie
FN:162,cleanupExpiredCookies
FN:185,checkCookieLimits
FN:223,getInventory
FN:228,getTotalSize
FN:240,getCookieCountByCategory
FN:259,updateCookieAccess
FN:268,destroy
FN:29,CookieMonitor
FNF:15
FNH:9
FNDA:1,getInstance
FNDA:1,updateInventory
FNDA:1,determineCookieCategory
FNDA:1,isNecessaryCookie
FNDA:1,isFunctionalCookie
FNDA:1,isAnalyticsCookie
FNDA:1,isMarketingCookie
FNDA:0,cleanupExpiredCookies
FNDA:0,checkCookieLimits
FNDA:0,getInventory
FNDA:0,getTotalSize
FNDA:0,getCookieCountByCategory
FNDA:5,updateCookieAccess
FNDA:0,destroy
FNDA:1,CookieMonitor
DA:1,1
DA:3,1
DA:4,1
DA:5,1
DA:6,1
DA:7,1
DA:8,1
DA:9,1
DA:10,1
DA:21,1
DA:22,1
DA:23,1
DA:24,1
DA:25,1
DA:26,1
DA:27,1
DA:29,1
DA:30,1
DA:31,1
DA:33,1
DA:34,1
DA:35,0
DA:36,0
DA:37,1
DA:39,1
DA:40,1
DA:41,1
DA:43,1
DA:44,0
DA:45,0
DA:46,0
DA:47,0
DA:48,0
DA:49,0
DA:50,0
DA:52,1
DA:53,1
DA:54,1
DA:55,1
DA:56,1
DA:57,1
DA:59,1
DA:60,1
DA:61,1
DA:62,1
DA:63,0
DA:64,0
DA:65,1
DA:67,1
DA:68,1
DA:69,1
DA:71,1
DA:72,1
DA:73,1
DA:74,1
DA:76,1
DA:77,1
DA:78,1
DA:79,1
DA:80,1
DA:81,1
DA:82,1
DA:83,1
DA:85,1
DA:86,1
DA:88,1
DA:90,1
DA:91,1
DA:92,1
DA:94,1
DA:95,1
DA:96,1
DA:97,1
DA:99,1
DA:100,0
DA:101,0
DA:102,1
DA:104,1
DA:105,1
DA:106,1
DA:107,1
DA:108,1
DA:109,1
DA:110,1
DA:111,1
DA:113,1
DA:114,1
DA:115,1
DA:116,1
DA:117,1
DA:118,1
DA:119,1
DA:120,1
DA:121,1
DA:122,1
DA:123,1
DA:125,1
DA:126,1
DA:127,1
DA:128,1
DA:129,1
DA:130,1
DA:131,1
DA:132,1
DA:133,1
DA:134,1
DA:135,1
DA:137,1
DA:138,1
DA:139,1
DA:140,1
DA:141,1
DA:142,1
DA:143,1
DA:144,1
DA:145,1
DA:146,1
DA:147,1
DA:148,1
DA:150,1
DA:151,1
DA:152,1
DA:153,1
DA:154,1
DA:155,1
DA:156,1
DA:157,1
DA:158,1
DA:159,1
DA:161,1
DA:162,1
DA:163,0
DA:164,0
DA:165,0
DA:167,0
DA:168,0
DA:169,0
DA:170,0
DA:171,0
DA:172,0
DA:173,0
DA:175,0
DA:176,0
DA:177,0
DA:178,0
DA:179,0
DA:180,0
DA:181,0
DA:182,0
DA:184,1
DA:185,1
DA:186,0
DA:187,0
DA:188,0
DA:190,0
DA:191,0
DA:193,0
DA:194,0
DA:195,0
DA:196,0
DA:197,0
DA:198,0
DA:199,0
DA:200,0
DA:202,0
DA:203,0
DA:204,0
DA:205,0
DA:206,0
DA:207,0
DA:208,0
DA:210,0
DA:211,0
DA:212,0
DA:213,0
DA:214,0
DA:215,0
DA:216,0
DA:217,0
DA:218,0
DA:219,0
DA:220,0
DA:222,1
DA:223,1
DA:224,0
DA:225,0
DA:227,1
DA:228,1
DA:229,0
DA:230,0
DA:231,0
DA:232,0
DA:233,0
DA:234,0
DA:235,0
DA:236,0
DA:237,0
DA:239,1
DA:240,1
DA:241,0
DA:242,0
DA:243,0
DA:244,0
DA:245,0
DA:246,0
DA:247,0
DA:249,0
DA:250,0
DA:251,0
DA:253,0
DA:254,0
DA:255,0
DA:256,0
DA:258,1
DA:259,1
DA:260,5
DA:261,5
DA:262,0
DA:263,0
DA:264,0
DA:265,5
DA:267,1
DA:268,1
DA:269,0
DA:270,0
DA:271,0
DA:272,0
DA:273,0
DA:274,1
DA:276,1
LF:230
LH:135
BRDA:52,0,0,1
BRDA:60,1,0,1
BRDA:62,2,0,0
BRDA:99,3,0,0
BRDA:71,4,0,1
BRDA:81,5,0,0
BRDA:82,6,0,0
BRDA:97,7,0,1
BRDA:105,8,0,1
BRDA:106,9,0,0
BRDA:107,10,0,0
BRDA:108,11,0,0
BRDA:109,12,0,0
BRDA:114,13,0,1
BRDA:122,14,0,5
BRDA:126,15,0,1
BRDA:134,16,0,5
BRDA:138,17,0,1
BRDA:147,18,0,6
BRDA:151,19,0,1
BRDA:158,20,0,4
BRDA:259,21,0,5
BRDA:261,22,0,0
BRDA:29,23,0,1
BRF:24
BRH:15
end_of_record
TN:
SF:src/utils/webhook.ts
FN:9,sendTripToWebhook
FN:49,prepareTripWebhookPayload
FN:165,prepareZapOutWebhookPayload
FN:249,prepareZapRoadWebhookPayload
FNF:4
FNH:3
FNDA:0,sendTripToWebhook
FNDA:1,prepareTripWebhookPayload
FNDA:1,prepareZapOutWebhookPayload
FNDA:1,prepareZapRoadWebhookPayload
DA:1,1
DA:3,1
DA:6,1
DA:8,1
DA:9,1
DA:10,0
DA:11,0
DA:12,0
DA:13,0
DA:14,0
DA:15,0
DA:17,0
DA:19,0
DA:22,0
DA:23,0
DA:25,0
DA:26,0
DA:28,0
DA:29,0
DA:30,0
DA:31,0
DA:33,0
DA:34,0
DA:35,0
DA:36,0
DA:37,0
DA:38,0
DA:39,0
DA:40,0
DA:41,0
DA:42,0
DA:43,0
DA:44,0
DA:46,1
DA:48,1
DA:49,1
DA:50,1
DA:52,1
DA:53,1
DA:54,1
DA:55,1
DA:56,1
DA:57,0
DA:58,0
DA:60,1
DA:61,1
DA:63,1
DA:64,1
DA:65,1
DA:66,1
DA:68,1
DA:69,1
DA:70,1
DA:71,1
DA:72,1
DA:73,1
DA:74,1
DA:75,1
DA:76,1
DA:77,1
DA:78,0
DA:79,0
DA:80,1
DA:81,0
DA:82,0
DA:83,0
DA:84,1
DA:86,1
DA:87,1
DA:88,1
DA:89,1
DA:90,0
DA:91,0
DA:92,0
DA:93,0
DA:94,0
DA:95,0
DA:96,0
DA:97,1
DA:98,1
DA:99,1
DA:100,1
DA:101,1
DA:103,1
DA:104,1
DA:105,1
DA:106,1
DA:107,1
DA:108,1
DA:109,1
DA:110,1
DA:111,0
DA:112,0
DA:113,1
DA:115,1
DA:116,1
DA:117,1
DA:118,1
DA:119,1
DA:120,0
DA:121,1
DA:122,1
DA:123,0
DA:124,0
DA:125,1
DA:127,1
DA:128,1
DA:129,1
DA:130,1
DA:131,1
DA:132,1
DA:133,1
DA:134,1
DA:135,1
DA:136,1
DA:137,1
DA:138,1
DA:139,1
DA:140,1
DA:141,1
DA:142,1
DA:143,1
DA:144,1
DA:145,1
DA:146,1
DA:147,1
DA:148,1
DA:149,1
DA:150,1
DA:151,1
DA:152,1
DA:153,1
DA:154,1
DA:155,1
DA:156,1
DA:158,1
DA:159,1
DA:160,1
DA:162,1
DA:164,1
DA:165,1
DA:166,1
DA:168,1
DA:169,1
DA:170,1
DA:171,0
DA:172,1
DA:173,0
DA:174,0
DA:176,1
DA:177,1
DA:179,1
DA:180,1
DA:181,0
DA:182,0
DA:184,1
DA:185,1
DA:186,1
DA:187,1
DA:189,1
DA:190,1
DA:191,1
DA:192,1
DA:193,1
DA:194,0
DA:195,1
DA:196,1
DA:197,0
DA:198,0
DA:199,1
DA:201,1
DA:202,1
DA:203,1
DA:204,1
DA:205,1
DA:206,1
DA:207,0
DA:208,0
DA:209,1
DA:211,1
DA:212,1
DA:213,1
DA:214,1
DA:215,1
DA:216,1
DA:217,1
DA:218,1
DA:219,1
DA:220,1
DA:221,1
DA:222,1
DA:223,1
DA:224,1
DA:225,1
DA:226,1
DA:227,1
DA:228,1
DA:229,1
DA:230,1
DA:231,1
DA:232,1
DA:233,1
DA:234,1
DA:235,1
DA:236,1
DA:237,1
DA:238,1
DA:239,1
DA:240,1
DA:242,1
DA:243,1
DA:244,1
DA:246,1
DA:248,1
DA:249,1
DA:250,1
DA:251,1
DA:252,1
DA:253,0
DA:254,1
DA:255,0
DA:256,0
DA:258,1
DA:259,1
DA:260,1
DA:261,1
DA:262,1
DA:263,1
DA:264,1
DA:265,1
DA:267,1
DA:268,1
DA:270,1
DA:271,1
DA:272,0
DA:273,0
DA:274,1
DA:276,1
DA:277,1
DA:278,1
DA:279,1
DA:280,1
DA:281,1
DA:282,1
DA:283,1
DA:284,1
DA:285,1
DA:286,1
DA:287,1
DA:288,1
DA:289,1
DA:290,1
DA:291,1
DA:292,1
DA:293,1
DA:294,1
DA:295,1
DA:296,1
DA:297,1
DA:298,1
DA:299,1
DA:300,1
DA:301,1
DA:302,1
DA:303,1
DA:304,1
DA:305,1
DA:306,1
DA:307,1
DA:308,1
DA:309,1
DA:310,1
DA:312,1
DA:313,1
LF:274
LH:212
BRDA:49,0,0,1
BRDA:56,1,0,0
BRDA:61,2,0,0
BRDA:75,3,0,0
BRDA:76,4,0,0
BRDA:77,5,0,0
BRDA:80,6,0,0
BRDA:89,7,0,0
BRDA:98,8,0,0
BRDA:99,9,0,0
BRDA:108,10,0,0
BRDA:110,11,0,0
BRDA:119,12,0,0
BRDA:122,13,0,0
BRDA:136,14,0,0
BRDA:154,15,0,0
BRDA:155,16,0,0
BRDA:165,17,0,1
BRDA:170,18,0,0
BRDA:172,19,0,0
BRDA:177,20,0,0
BRDA:180,21,0,0
BRDA:180,22,0,0
BRDA:180,23,0,0
BRDA:185,24,0,0
BRDA:186,25,0,0
BRDA:187,26,0,0
BRDA:193,27,0,0
BRDA:196,28,0,0
BRDA:206,29,0,0
BRDA:213,30,0,0
BRDA:215,31,0,0
BRDA:217,32,0,0
BRDA:249,33,0,1
BRDA:252,34,0,0
BRDA:254,35,0,0
BRDA:264,36,0,0
BRDA:271,37,0,0
BRDA:290,38,0,0
BRDA:300,39,0,0
BRDA:304,40,0,0
BRDA:268,41,0,2
BRF:42
BRH:4
end_of_record
